Build started 2015-01-22 11:49:23 AM.
     1>Project "D:\Dev\DevLaptop\ReactionRL\ReactionRL\ReactionRL\ReactionRL.vcxproj" on node 2 (Build target(s)).
     1>ClCompile:
         E:\VSNET\VC\bin\CL.exe /c /ZI /nologo /W3 /WX- /sdl /Od /Oy- /D _MBCS /Gm /EHsc /RTC1 /MDd /GS /fp:precise /Zc:wchar_t /Zc:forScope /Fo"Debug\\" /Fd"Debug\vc120.pdb" /Gd /TP /analyze- /errorReport:prompt Map.cpp
         Map.cpp
     1>d:\dev\devlaptop\reactionrl\reactionrl\reactionrl\map.cpp(136): warning C4244: 'initializing' : conversion from 'int' to 'float', possible loss of data
     1>d:\dev\devlaptop\reactionrl\reactionrl\reactionrl\map.cpp(137): warning C4244: 'initializing' : conversion from 'int' to 'float', possible loss of data
       Link:
         E:\VSNET\VC\bin\link.exe /ERRORREPORT:PROMPT /OUT:"D:\Dev\DevLaptop\ReactionRL\ReactionRL\Debug\ReactionRL.exe" /INCREMENTAL /NOLOGO "libtcod-VS.lib" "libtcod-gui-VS.lib" kernel32.lib user32.lib gdi32.lib winspool.lib comdlg32.lib advapi32.lib shell32.lib ole32.lib oleaut32.lib uuid.lib odbc32.lib odbccp32.lib /MANIFEST /MANIFESTUAC:"level='asInvoker' uiAccess='false'" /manifest:embed /DEBUG /PDB:"D:\Dev\DevLaptop\ReactionRL\ReactionRL\Debug\ReactionRL.pdb" /TLBID:1 /DYNAMICBASE /NXCOMPAT /IMPLIB:"D:\Dev\DevLaptop\ReactionRL\ReactionRL\Debug\ReactionRL.lib" /MACHINE:X86 Debug\Button.obj
         Debug\GameEngine.obj
         Debug\Globals.obj
         Debug\Map.obj
         Debug\Player.obj
         Debug\ReactionRL.obj
         Debug\SceneGameplay.obj
         Debug\SceneMainMenu.obj
         ReactionRL.vcxproj -> D:\Dev\DevLaptop\ReactionRL\ReactionRL\Debug\ReactionRL.exe
     1>Done Building Project "D:\Dev\DevLaptop\ReactionRL\ReactionRL\ReactionRL\ReactionRL.vcxproj" (Build target(s)).

Build succeeded.

Time Elapsed 00:00:00.31
