c:\users\ll66241\source\repos\devlaptop\reactionrl\reactionrl\reactionrl\release\vc140.pdb
c:\users\ll66241\source\repos\devlaptop\reactionrl\reactionrl\reactionrl\release\scenemainmenu.obj
c:\users\ll66241\source\repos\devlaptop\reactionrl\reactionrl\reactionrl\release\scenegameplay.obj
c:\users\ll66241\source\repos\devlaptop\reactionrl\reactionrl\reactionrl\release\scenecampaign.obj
c:\users\ll66241\source\repos\devlaptop\reactionrl\reactionrl\reactionrl\release\reactionrl.obj
c:\users\ll66241\source\repos\devlaptop\reactionrl\reactionrl\reactionrl\release\map.obj
c:\users\ll66241\source\repos\devlaptop\reactionrl\reactionrl\reactionrl\release\globals.obj
c:\users\ll66241\source\repos\devlaptop\reactionrl\reactionrl\reactionrl\release\gameengine.obj
c:\users\ll66241\source\repos\devlaptop\reactionrl\reactionrl\reactionrl\release\character.obj
c:\users\ll66241\source\repos\devlaptop\reactionrl\reactionrl\reactionrl\release\button.obj
c:\users\ll66241\source\repos\devlaptop\reactionrl\reactionrl\reactionrl\release\popup.obj
c:\users\ll66241\source\repos\devlaptop\reactionrl\reactionrl\release\reactionrl.exe
c:\users\ll66241\source\repos\devlaptop\reactionrl\reactionrl\release\reactionrl.ipdb
c:\users\ll66241\source\repos\devlaptop\reactionrl\reactionrl\release\reactionrl.iobj
c:\users\ll66241\source\repos\devlaptop\reactionrl\reactionrl\release\reactionrl.pdb
c:\users\ll66241\source\repos\devlaptop\reactionrl\reactionrl\reactionrl\release\reactionrl.tlog\cl.command.1.tlog
c:\users\ll66241\source\repos\devlaptop\reactionrl\reactionrl\reactionrl\release\reactionrl.tlog\cl.read.1.tlog
c:\users\ll66241\source\repos\devlaptop\reactionrl\reactionrl\reactionrl\release\reactionrl.tlog\cl.write.1.tlog
c:\users\ll66241\source\repos\devlaptop\reactionrl\reactionrl\reactionrl\release\reactionrl.tlog\link.command.1.tlog
c:\users\ll66241\source\repos\devlaptop\reactionrl\reactionrl\reactionrl\release\reactionrl.tlog\link.read.1.tlog
c:\users\ll66241\source\repos\devlaptop\reactionrl\reactionrl\reactionrl\release\reactionrl.tlog\link.write.1.tlog
