Build started 2015-12-10 3:08:08 PM.
     1>Project "C:\Users\Brian\Documents\GitHubVisualStudio\DevLaptop\ReactionRL\ReactionRL\ReactionRL\ReactionRL.vcxproj" on node 2 (Rebuild target(s)).
     1>ClCompile:
         C:\Program Files (x86)\Microsoft Visual Studio 14.0\VC\bin\CL.exe /c /Zi /nologo /W3 /WX- /sdl /O2 /Oi /Oy- /GL /D _MBCS /Gm- /EHsc /MD /GS /Gy /fp:precise /Zc:wchar_t /Zc:forScope /Zc:inline /Fo"Release\\" /Fd"Release\vc140.pdb" /Gd /TP /analyze- /errorReport:prompt Button.cpp GameEngine.cpp Globals.cpp Map.cpp Player.cpp ReactionRL.cpp SceneGameplay.cpp SceneMainMenu.cpp
         Button.cpp
         GameEngine.cpp
         Globals.cpp
         Map.cpp
     1>Map.cpp(97): warning C4244: '=': conversion from 'double' to 'float', possible loss of data
     1>Map.cpp(109): warning C4244: '=': conversion from 'double' to 'float', possible loss of data
     1>Map.cpp(111): warning C4244: 'argument': conversion from 'double' to 'float', possible loss of data
         Player.cpp
         ReactionRL.cpp
         SceneGameplay.cpp
         SceneMainMenu.cpp
       Link:
         C:\Program Files (x86)\Microsoft Visual Studio 14.0\VC\bin\link.exe /ERRORREPORT:PROMPT /OUT:"C:\Users\Brian\Documents\GitHubVisualStudio\DevLaptop\ReactionRL\ReactionRL\Release\ReactionRL.exe" /NOLOGO "libtcod-VS.lib" "libtcod-gui-VS.lib" kernel32.lib user32.lib gdi32.lib winspool.lib comdlg32.lib advapi32.lib shell32.lib ole32.lib oleaut32.lib uuid.lib odbc32.lib odbccp32.lib /MANIFEST /MANIFESTUAC:"level='asInvoker' uiAccess='false'" /manifest:embed /Debug /PDB:"C:\Users\Brian\Documents\GitHubVisualStudio\DevLaptop\ReactionRL\ReactionRL\Release\ReactionRL.pdb" /OPT:REF /OPT:ICF /LTCG:incremental /TLBID:1 /DYNAMICBASE /NXCOMPAT /IMPLIB:"C:\Users\Brian\Documents\GitHubVisualStudio\DevLaptop\ReactionRL\ReactionRL\Release\ReactionRL.lib" /MACHINE:X86 /SAFESEH Release\Button.obj
         Release\GameEngine.obj
         Release\Globals.obj
         Release\Map.obj
         Release\Player.obj
         Release\ReactionRL.obj
         Release\SceneGameplay.obj
         Release\SceneMainMenu.obj
         Generating code
         All 45 functions were compiled because no usable IPDB/IOBJ from previous compilation was found.
         Finished generating code
         ReactionRL.vcxproj -> C:\Users\Brian\Documents\GitHubVisualStudio\DevLaptop\ReactionRL\ReactionRL\Release\ReactionRL.exe
     1>Done Building Project "C:\Users\Brian\Documents\GitHubVisualStudio\DevLaptop\ReactionRL\ReactionRL\ReactionRL\ReactionRL.vcxproj" (Rebuild target(s)).

Build succeeded.

Time Elapsed 00:00:01.26
